Added Component: Designator=C1(RAD0.2-POL)
Added Component: Designator=C2(RAD0.2)
Added Component: Designator=C3(RAD0.2)
Added Component: Designator=D1(LN265PH)
Added Component: Designator=D2(LN265PH)
Added Component: Designator=P1(PROBE)
Added Component: Designator=P2(CP-202A-ND)
Added Component: Designator=Q1(TO-92A)
Added Component: Designator=Q2(TO-92A)
Added Component: Designator=R1(Axial0.5)
Added Component: Designator=R2(Axial0.5)
Added Component: Designator=R3(Axial0.5)
Added Component: Designator=R4(Axial0.5)
Added Component: Designator=R5(Axial0.5)
Added Component: Designator=U1(DIP14)
Added Component: Designator=U2(TO-220)
Added Pin To Net: NetName=+5V Pin=C2-1
Added Pin To Net: NetName=+5V Pin=C3-1
Added Pin To Net: NetName=+5V Pin=R1-2
Added Pin To Net: NetName=+5V Pin=R3-2
Added Pin To Net: NetName=+5V Pin=U1-4
Added Pin To Net: NetName=+5V Pin=U2-3
Added Net: Name=+5V
Added Pin To Net: NetName=+9V Pin=C1-1
Added Pin To Net: NetName=+9V Pin=P2-3
Added Pin To Net: NetName=+9V Pin=U2-1
Added Net: Name=+9V
Added Pin To Net: NetName=GND Pin=C1-2
Added Pin To Net: NetName=GND Pin=C2-2
Added Pin To Net: NetName=GND Pin=C3-2
Added Pin To Net: NetName=GND Pin=P2-1
Added Pin To Net: NetName=GND Pin=P2-2
Added Pin To Net: NetName=GND Pin=R2-1
Added Pin To Net: NetName=GND Pin=R5-1
Added Pin To Net: NetName=GND Pin=U1-11
Added Pin To Net: NetName=GND Pin=U1-12
Added Pin To Net: NetName=GND Pin=U1-13
Added Pin To Net: NetName=GND Pin=U2-2
Added Net: Name=GND
Added Pin To Net: NetName=HIGH Pin=D1-A
Added Pin To Net: NetName=HIGH Pin=U1-7
Added Net: Name=HIGH
Added Pin To Net: NetName=LOW Pin=D2-A
Added Pin To Net: NetName=LOW Pin=U1-8
Added Net: Name=LOW
Added Pin To Net: NetName=NetD1_K Pin=D1-K
Added Net: Name=NetD1_K
Added Pin To Net: NetName=NetD2_K Pin=D2-K
Added Net: Name=NetD2_K
Added Pin To Net: NetName=NetP1_1 Pin=P1-1
Added Pin To Net: NetName=NetP1_1 Pin=R1-1
Added Pin To Net: NetName=NetP1_1 Pin=R2-2
Added Pin To Net: NetName=NetP1_1 Pin=U1-3
Added Net: Name=NetP1_1
Added Pin To Net: NetName=NetR3_1 Pin=R3-1
Added Pin To Net: NetName=NetR3_1 Pin=R4-2
Added Pin To Net: NetName=NetR3_1 Pin=U1-6
Added Net: Name=NetR3_1
Added Pin To Net: NetName=NetR4_1 Pin=R4-1
Added Pin To Net: NetName=NetR4_1 Pin=R5-2
Added Pin To Net: NetName=NetR4_1 Pin=U1-10
Added Net: Name=NetR4_1
Added Pin To Net: NetName=NetU1_1 Pin=U1-1
Added Pin To Net: NetName=NetU1_1 Pin=U1-2
Added Pin To Net: NetName=NetU1_1 Pin=U1-5
Added Pin To Net: NetName=NetU1_1 Pin=U1-9
Added Net: Name=NetU1_1
Added Class: Name=Lab3-4
